Using pre-set license
Built from '2020.3/staging' branch; Version is '2020.3.9f1 (108be757e447) revision 1084391'; Using compiler version '192528614'; Build Type 'Release'
OS: 'Windows 10 Home; OS build 19041.985; Version 2004; 64bit' Language: 'en' Physical Memory: 16288 MB
BatchMode: 1, IsHumanControllingUs: 0, StartBugReporterOnCrash: 0, Is64bit: 1, IsPro: 0

 COMMAND LINE ARGUMENTS:
C:\Program Files\Unity\Hub\Editor\2020.3.9f1\Editor\Unity.exe
-adb2
-batchMode
-noUpm
-name
AssetImportWorker0
-projectPath
D:/Unity Project/2D/GDTV_Game_Jam/Gacha Impact 2D
-logFile
Logs/AssetImportWorker0.log
-srvPort
51358
Successfully changed project path to: D:/Unity Project/2D/GDTV_Game_Jam/Gacha Impact 2D
D:/Unity Project/2D/GDTV_Game_Jam/Gacha Impact 2D
Using Asset Import Pipeline V2.
Refreshing native plugins compatible for Editor in 56.41 ms, found 3 plugins.
Preloading 0 native plugins for Editor in 0.00 ms.
Initialize engine version: 2020.3.9f1 (108be757e447)
[Subsystems] Discovering subsystems at path C:/Program Files/Unity/Hub/Editor/2020.3.9f1/Editor/Data/Resources/UnitySubsystems
[Subsystems] Discovering subsystems at path D:/Unity Project/2D/GDTV_Game_Jam/Gacha Impact 2D/Assets
GfxDevice: creating device client; threaded=0
Direct3D:
    Version:  Direct3D 11.0 [level 11.1]
    Renderer: NVIDIA GeForce GTX 960 (ID=0x1401)
    Vendor:   
    VRAM:     2007 MB
    Driver:   27.21.14.6647
Initialize mono
Mono path[0] = 'C:/Program Files/Unity/Hub/Editor/2020.3.9f1/Editor/Data/Managed'
Mono path[1] = 'C:/Program Files/Unity/Hub/Editor/2020.3.9f1/Editor/Data/MonoBleedingEdge/lib/mono/unityjit'
Mono config path = 'C:/Program Files/Unity/Hub/Editor/2020.3.9f1/Editor/Data/MonoBleedingEdge/etc'
Using monoOptions --debugger-agent=transport=dt_socket,embedding=1,server=y,suspend=n,address=127.0.0.1:56164
Begin MonoManager ReloadAssembly
Registering precompiled unity dll's ...
Register platform support module: C:/Program Files/Unity/Hub/Editor/2020.3.9f1/Editor/Data/PlaybackEngines/WebGLSupport/UnityEditor.WebGL.Extensions.dll
Register platform support module: C:/Program Files/Unity/Hub/Editor/2020.3.9f1/Editor/Data/PlaybackEngines/WindowsStandaloneSupport/UnityEditor.WindowsStandalone.Extensions.dll
Registered in 0.002395 seconds.
Native extension for WindowsStandalone target not found
Native extension for WebGL target not found
Refreshing native plugins compatible for Editor in 57.11 ms, found 3 plugins.
Preloading 0 native plugins for Editor in 0.00 ms.
Mono: successfully reloaded assembly
- Completed reload, in  1.386 seconds
Platform modules already initialized, skipping
Registering precompiled user dll's ...
Registered in 0.004205 seconds.
Begin MonoManager ReloadAssembly
Native extension for WindowsStandalone target not found
Native extension for WebGL target not found
Refreshing native plugins compatible for Editor in 51.33 ms, found 3 plugins.
Preloading 0 native plugins for Editor in 0.00 ms.
Mono: successfully reloaded assembly
- Completed reload, in  1.273 seconds
Platform modules already initialized, skipping
========================================================================
Worker process is ready to serve import requests
Launched and connected shader compiler UnityShaderCompiler.exe after 0.09 seconds
Refreshing native plugins compatible for Editor in 0.49 ms, found 3 plugins.
Preloading 0 native plugins for Editor in 0.00 ms.
Unloading 2179 Unused Serialized files (Serialized files now loaded: 0)
System memory in use before: 97.6 MB.
System memory in use after: 97.6 MB.

Unloading 35 unused Assets to reduce memory usage. Loaded Objects now: 2617.
Total: 2.090700 ms (FindLiveObjects: 0.187800 ms CreateObjectMapping: 0.087400 ms MarkObjects: 1.678800 ms  DeleteObjects: 0.135800 ms)

========================================================================
Received Import Request.
  path: Assets/Anthony/Scripts/Sounds.cs
  artifactKey: Guid(62e6e062012f8ef4792176fd6ce389a6) Importer(815301076,1909f56bfc062723c751e8b465ee728b)
Start importing Assets/Anthony/Scripts/Sounds.cs using Guid(62e6e062012f8ef4792176fd6ce389a6) Importer(815301076,1909f56bfc062723c751e8b465ee728b)  -> (artifact id: '54d2792792481b1913d4b78eddaa7fc8') in 0.034493 seconds
  Import took 0.037507 seconds .

========================================================================
Received Import Request.
  Time since last request: 7.935780 seconds.
  path: Assets/Anthony/Scripts/Sound.cs
  artifactKey: Guid(62e6e062012f8ef4792176fd6ce389a6) Importer(815301076,1909f56bfc062723c751e8b465ee728b)
Start importing Assets/Anthony/Scripts/Sound.cs using Guid(62e6e062012f8ef4792176fd6ce389a6) Importer(815301076,1909f56bfc062723c751e8b465ee728b)  -> (artifact id: 'c4d1fd3d98380ea521716cbee352e575') in 0.008652 seconds
  Import took 0.022615 seconds .

========================================================================
Received Prepare
Registering precompiled user dll's ...
Registered in 0.004335 seconds.
Begin MonoManager ReloadAssembly
Native extension for WindowsStandalone target not found
Native extension for WebGL target not found
Refreshing native plugins compatible for Editor in 0.67 ms, found 3 plugins.
Preloading 0 native plugins for Editor in 0.00 ms.
Mono: successfully reloaded assembly
- Completed reload, in  1.184 seconds
Platform modules already initialized, skipping
Refreshing native plugins compatible for Editor in 0.59 ms, found 3 plugins.
Preloading 0 native plugins for Editor in 0.00 ms.
Unloading 2161 Unused Serialized files (Serialized files now loaded: 0)
System memory in use before: 96.3 MB.
System memory in use after: 96.3 MB.

Unloading 23 unused Assets to reduce memory usage. Loaded Objects now: 2621.
Total: 2.334100 ms (FindLiveObjects: 0.199300 ms CreateObjectMapping: 0.074800 ms MarkObjects: 1.911200 ms  DeleteObjects: 0.148000 ms)

========================================================================
Received Prepare
Registering precompiled user dll's ...
Registered in 0.003890 seconds.
Begin MonoManager ReloadAssembly
Native extension for WindowsStandalone target not found
Native extension for WebGL target not found
Refreshing native plugins compatible for Editor in 0.61 ms, found 3 plugins.
Preloading 0 native plugins for Editor in 0.00 ms.
Mono: successfully reloaded assembly
- Completed reload, in  1.089 seconds
Platform modules already initialized, skipping
Refreshing native plugins compatible for Editor in 0.51 ms, found 3 plugins.
Preloading 0 native plugins for Editor in 0.00 ms.
Unloading 2161 Unused Serialized files (Serialized files now loaded: 0)
System memory in use before: 96.3 MB.
System memory in use after: 96.3 MB.

Unloading 23 unused Assets to reduce memory usage. Loaded Objects now: 2625.
Total: 2.392600 ms (FindLiveObjects: 0.190200 ms CreateObjectMapping: 0.079900 ms MarkObjects: 1.974400 ms  DeleteObjects: 0.147100 ms)

========================================================================
Received Import Request.
  Time since last request: 483.563024 seconds.
  path: Assets/Anthony/Scripts/Sound.cs
  artifactKey: Guid(62e6e062012f8ef4792176fd6ce389a6) Importer(815301076,1909f56bfc062723c751e8b465ee728b)
Start importing Assets/Anthony/Scripts/Sound.cs using Guid(62e6e062012f8ef4792176fd6ce389a6) Importer(815301076,1909f56bfc062723c751e8b465ee728b)  -> (artifact id: 'd243b22842b420981325958da0330c57') in 0.004229 seconds
  Import took 0.007737 seconds .

========================================================================
Received Prepare
Registering precompiled user dll's ...
Registered in 0.004404 seconds.
Begin MonoManager ReloadAssembly
Native extension for WindowsStandalone target not found
Native extension for WebGL target not found
Refreshing native plugins compatible for Editor in 0.48 ms, found 3 plugins.
Preloading 0 native plugins for Editor in 0.00 ms.
Mono: successfully reloaded assembly
- Completed reload, in  1.033 seconds
Platform modules already initialized, skipping
Refreshing native plugins compatible for Editor in 0.50 ms, found 3 plugins.
Preloading 0 native plugins for Editor in 0.00 ms.
Unloading 2161 Unused Serialized files (Serialized files now loaded: 0)
System memory in use before: 96.4 MB.
System memory in use after: 96.3 MB.

Unloading 23 unused Assets to reduce memory usage. Loaded Objects now: 2629.
Total: 2.794400 ms (FindLiveObjects: 0.194100 ms CreateObjectMapping: 0.068900 ms MarkObjects: 2.355100 ms  DeleteObjects: 0.175400 ms)

========================================================================
Received Import Request.
  Time since last request: 157.149528 seconds.
  path: Assets/Anthony/SFX/bg
  artifactKey: Guid(46a631fd95f9a99498a66c2862194f52) Importer(815301076,1909f56bfc062723c751e8b465ee728b)
Start importing Assets/Anthony/SFX/bg using Guid(46a631fd95f9a99498a66c2862194f52) Importer(815301076,1909f56bfc062723c751e8b465ee728b)  -> (artifact id: '0ae632169f3684c87603769aa3d726e5') in 0.008946 seconds
  Import took 0.012957 seconds .

========================================================================
Received Import Request.
  Time since last request: 0.081783 seconds.
  path: Assets/Anthony/SFX/bg/ChillMusic.mp3
  artifactKey: Guid(d272759eb50efce4ba22e980a279566d) Importer(815301076,1909f56bfc062723c751e8b465ee728b)
Start importing Assets/Anthony/SFX/bg/ChillMusic.mp3 using Guid(d272759eb50efce4ba22e980a279566d) Importer(815301076,1909f56bfc062723c751e8b465ee728b)  -> (artifact id: '79e50414aaf42d77ddfcfec30c09a2bb') in 0.140534 seconds
  Import took 0.158383 seconds .

========================================================================
Received Prepare
Registering precompiled user dll's ...
Registered in 0.004216 seconds.
Begin MonoManager ReloadAssembly
Native extension for WindowsStandalone target not found
Native extension for WebGL target not found
Refreshing native plugins compatible for Editor in 0.47 ms, found 3 plugins.
Preloading 0 native plugins for Editor in 0.00 ms.
Mono: successfully reloaded assembly
- Completed reload, in  1.037 seconds
Platform modules already initialized, skipping
Refreshing native plugins compatible for Editor in 0.50 ms, found 3 plugins.
Preloading 0 native plugins for Editor in 0.00 ms.
Unloading 2161 Unused Serialized files (Serialized files now loaded: 0)
System memory in use before: 99.4 MB.
System memory in use after: 99.3 MB.

Unloading 23 unused Assets to reduce memory usage. Loaded Objects now: 2642.
Total: 2.382700 ms (FindLiveObjects: 0.260900 ms CreateObjectMapping: 0.080900 ms MarkObjects: 1.880800 ms  DeleteObjects: 0.159100 ms)

========================================================================
Received Prepare
Registering precompiled user dll's ...
Registered in 0.004126 seconds.
Begin MonoManager ReloadAssembly
Native extension for WindowsStandalone target not found
Native extension for WebGL target not found
Refreshing native plugins compatible for Editor in 0.48 ms, found 3 plugins.
Preloading 0 native plugins for Editor in 0.00 ms.
Mono: successfully reloaded assembly
- Completed reload, in  1.148 seconds
Platform modules already initialized, skipping
Refreshing native plugins compatible for Editor in 0.56 ms, found 3 plugins.
Preloading 0 native plugins for Editor in 0.00 ms.
Unloading 2161 Unused Serialized files (Serialized files now loaded: 0)
System memory in use before: 99.4 MB.
System memory in use after: 99.3 MB.

Unloading 23 unused Assets to reduce memory usage. Loaded Objects now: 2646.
Total: 2.374700 ms (FindLiveObjects: 0.195600 ms CreateObjectMapping: 0.064400 ms MarkObjects: 1.951400 ms  DeleteObjects: 0.162500 ms)

========================================================================
Received Prepare
Registering precompiled user dll's ...
Registered in 0.003466 seconds.
Begin MonoManager ReloadAssembly
Native extension for WindowsStandalone target not found
Native extension for WebGL target not found
Refreshing native plugins compatible for Editor in 0.56 ms, found 3 plugins.
Preloading 0 native plugins for Editor in 0.00 ms.
Mono: successfully reloaded assembly
- Completed reload, in  0.970 seconds
Platform modules already initialized, skipping
Refreshing native plugins compatible for Editor in 0.50 ms, found 3 plugins.
Preloading 0 native plugins for Editor in 0.00 ms.
Unloading 2161 Unused Serialized files (Serialized files now loaded: 0)
System memory in use before: 99.4 MB.
System memory in use after: 99.4 MB.

Unloading 23 unused Assets to reduce memory usage. Loaded Objects now: 2650.
Total: 2.700900 ms (FindLiveObjects: 0.187200 ms CreateObjectMapping: 0.061600 ms MarkObjects: 2.285400 ms  DeleteObjects: 0.165800 ms)

========================================================================
Received Prepare
Registering precompiled user dll's ...
Registered in 0.003830 seconds.
Begin MonoManager ReloadAssembly
Native extension for WindowsStandalone target not found
Native extension for WebGL target not found
Refreshing native plugins compatible for Editor in 0.57 ms, found 3 plugins.
Preloading 0 native plugins for Editor in 0.00 ms.
Mono: successfully reloaded assembly
- Completed reload, in  1.030 seconds
Platform modules already initialized, skipping
Refreshing native plugins compatible for Editor in 0.50 ms, found 3 plugins.
Preloading 0 native plugins for Editor in 0.00 ms.
Unloading 2161 Unused Serialized files (Serialized files now loaded: 0)
System memory in use before: 99.5 MB.
System memory in use after: 99.5 MB.

Unloading 23 unused Assets to reduce memory usage. Loaded Objects now: 2654.
Total: 2.620400 ms (FindLiveObjects: 0.196400 ms CreateObjectMapping: 0.064800 ms MarkObjects: 2.190400 ms  DeleteObjects: 0.167800 ms)

========================================================================
Received Prepare
Registering precompiled user dll's ...
Registered in 0.004822 seconds.
Begin MonoManager ReloadAssembly
Native extension for WindowsStandalone target not found
Native extension for WebGL target not found
Refreshing native plugins compatible for Editor in 0.63 ms, found 3 plugins.
Preloading 0 native plugins for Editor in 0.00 ms.
Mono: successfully reloaded assembly
- Completed reload, in  1.067 seconds
Platform modules already initialized, skipping
Refreshing native plugins compatible for Editor in 0.80 ms, found 3 plugins.
Preloading 0 native plugins for Editor in 0.00 ms.
Unloading 2161 Unused Serialized files (Serialized files now loaded: 0)
System memory in use before: 99.5 MB.
System memory in use after: 99.5 MB.

Unloading 23 unused Assets to reduce memory usage. Loaded Objects now: 2658.
Total: 2.599300 ms (FindLiveObjects: 0.203900 ms CreateObjectMapping: 0.066700 ms MarkObjects: 2.175900 ms  DeleteObjects: 0.152000 ms)

========================================================================
Received Prepare
Registering precompiled user dll's ...
Registered in 0.003919 seconds.
Begin MonoManager ReloadAssembly
Native extension for WindowsStandalone target not found
Native extension for WebGL target not found
Refreshing native plugins compatible for Editor in 0.85 ms, found 3 plugins.
Preloading 0 native plugins for Editor in 0.00 ms.
Mono: successfully reloaded assembly
- Completed reload, in  1.401 seconds
Platform modules already initialized, skipping
Refreshing native plugins compatible for Editor in 0.52 ms, found 3 plugins.
Preloading 0 native plugins for Editor in 0.00 ms.
Unloading 2161 Unused Serialized files (Serialized files now loaded: 0)
System memory in use before: 99.5 MB.
System memory in use after: 99.5 MB.

Unloading 23 unused Assets to reduce memory usage. Loaded Objects now: 2662.
Total: 2.258400 ms (FindLiveObjects: 0.212700 ms CreateObjectMapping: 0.081900 ms MarkObjects: 1.836000 ms  DeleteObjects: 0.126700 ms)

========================================================================
Received Prepare
Registering precompiled user dll's ...
Registered in 0.004588 seconds.
Begin MonoManager ReloadAssembly
Native extension for WindowsStandalone target not found
Native extension for WebGL target not found
Refreshing native plugins compatible for Editor in 0.48 ms, found 3 plugins.
Preloading 0 native plugins for Editor in 0.00 ms.
Mono: successfully reloaded assembly
- Completed reload, in  0.977 seconds
Platform modules already initialized, skipping
Refreshing native plugins compatible for Editor in 0.51 ms, found 3 plugins.
Preloading 0 native plugins for Editor in 0.00 ms.
Unloading 2161 Unused Serialized files (Serialized files now loaded: 0)
System memory in use before: 99.5 MB.
System memory in use after: 99.5 MB.

Unloading 23 unused Assets to reduce memory usage. Loaded Objects now: 2666.
Total: 2.496700 ms (FindLiveObjects: 0.187100 ms CreateObjectMapping: 0.081300 ms MarkObjects: 2.089200 ms  DeleteObjects: 0.137800 ms)

========================================================================
Received Prepare
Registering precompiled user dll's ...
Registered in 0.004523 seconds.
Begin MonoManager ReloadAssembly
Native extension for WindowsStandalone target not found
Native extension for WebGL target not found
Refreshing native plugins compatible for Editor in 0.47 ms, found 3 plugins.
Preloading 0 native plugins for Editor in 0.00 ms.
Mono: successfully reloaded assembly
- Completed reload, in  0.968 seconds
Platform modules already initialized, skipping
Refreshing native plugins compatible for Editor in 0.76 ms, found 3 plugins.
Preloading 0 native plugins for Editor in 0.00 ms.
Unloading 2161 Unused Serialized files (Serialized files now loaded: 0)
System memory in use before: 99.5 MB.
System memory in use after: 99.5 MB.

Unloading 23 unused Assets to reduce memory usage. Loaded Objects now: 2670.
Total: 2.541900 ms (FindLiveObjects: 0.192000 ms CreateObjectMapping: 0.065700 ms MarkObjects: 2.112800 ms  DeleteObjects: 0.170400 ms)

========================================================================
Received Prepare
Registering precompiled user dll's ...
Registered in 0.004088 seconds.
Begin MonoManager ReloadAssembly
Native extension for WindowsStandalone target not found
Native extension for WebGL target not found
Refreshing native plugins compatible for Editor in 0.48 ms, found 3 plugins.
Preloading 0 native plugins for Editor in 0.00 ms.
Mono: successfully reloaded assembly
- Completed reload, in  0.975 seconds
Platform modules already initialized, skipping
Refreshing native plugins compatible for Editor in 0.53 ms, found 3 plugins.
Preloading 0 native plugins for Editor in 0.00 ms.
Unloading 2161 Unused Serialized files (Serialized files now loaded: 0)
System memory in use before: 99.5 MB.
System memory in use after: 99.5 MB.

Unloading 23 unused Assets to reduce memory usage. Loaded Objects now: 2674.
Total: 2.442100 ms (FindLiveObjects: 0.186400 ms CreateObjectMapping: 0.060800 ms MarkObjects: 2.029800 ms  DeleteObjects: 0.164200 ms)

========================================================================
Received Prepare
Registering precompiled user dll's ...
Registered in 0.003689 seconds.
Begin MonoManager ReloadAssembly
Native extension for WindowsStandalone target not found
Native extension for WebGL target not found
Refreshing native plugins compatible for Editor in 0.50 ms, found 3 plugins.
Preloading 0 native plugins for Editor in 0.00 ms.
Mono: successfully reloaded assembly
- Completed reload, in  1.013 seconds
Platform modules already initialized, skipping
Refreshing native plugins compatible for Editor in 0.53 ms, found 3 plugins.
Preloading 0 native plugins for Editor in 0.00 ms.
Unloading 2161 Unused Serialized files (Serialized files now loaded: 0)
System memory in use before: 99.5 MB.
System memory in use after: 99.5 MB.

Unloading 23 unused Assets to reduce memory usage. Loaded Objects now: 2678.
Total: 2.270000 ms (FindLiveObjects: 0.192500 ms CreateObjectMapping: 0.062600 ms MarkObjects: 1.861000 ms  DeleteObjects: 0.153000 ms)

========================================================================
Received Import Request.
  Time since last request: 954.527360 seconds.
  path: Assets/Anthony/Prefab/AudioManager.prefab
  artifactKey: Guid(d9dd65ee339d7ba4080f1df3e018be8e) Importer(815301076,1909f56bfc062723c751e8b465ee728b)
Start importing Assets/Anthony/Prefab/AudioManager.prefab using Guid(d9dd65ee339d7ba4080f1df3e018be8e) Importer(815301076,1909f56bfc062723c751e8b465ee728b)  -> (artifact id: '37bb5805c0a3191edc9a58d8e51b0dd0') in 0.050549 seconds
  Import took 0.064006 seconds .

========================================================================
Received Import Request.
  Time since last request: 0.002794 seconds.
  path: Assets/Anthony/Prefab/AudioManager.prefab
  artifactKey: Guid(d9dd65ee339d7ba4080f1df3e018be8e) Importer(815301076,1909f56bfc062723c751e8b465ee728b)
Start importing Assets/Anthony/Prefab/AudioManager.prefab using Guid(d9dd65ee339d7ba4080f1df3e018be8e) Importer(815301076,1909f56bfc062723c751e8b465ee728b)  -> (artifact id: '37bb5805c0a3191edc9a58d8e51b0dd0') in 0.003928 seconds
  Import took 0.008416 seconds .

========================================================================
Received Prepare
Registering precompiled user dll's ...
Registered in 0.003822 seconds.
Begin MonoManager ReloadAssembly
Native extension for WindowsStandalone target not found
Native extension for WebGL target not found
Refreshing native plugins compatible for Editor in 0.47 ms, found 3 plugins.
Preloading 0 native plugins for Editor in 0.00 ms.
Mono: successfully reloaded assembly
- Completed reload, in  0.985 seconds
Platform modules already initialized, skipping
Refreshing native plugins compatible for Editor in 0.50 ms, found 3 plugins.
Preloading 0 native plugins for Editor in 0.00 ms.
Unloading 2161 Unused Serialized files (Serialized files now loaded: 0)
System memory in use before: 99.6 MB.
System memory in use after: 99.5 MB.

Unloading 23 unused Assets to reduce memory usage. Loaded Objects now: 2682.
Total: 2.503200 ms (FindLiveObjects: 0.194800 ms CreateObjectMapping: 0.062200 ms MarkObjects: 2.077200 ms  DeleteObjects: 0.168200 ms)

========================================================================
Received Prepare
Registering precompiled user dll's ...
Registered in 0.003709 seconds.
Begin MonoManager ReloadAssembly
Native extension for WindowsStandalone target not found
Native extension for WebGL target not found
Refreshing native plugins compatible for Editor in 0.54 ms, found 3 plugins.
Preloading 0 native plugins for Editor in 0.00 ms.
Mono: successfully reloaded assembly
- Completed reload, in  1.019 seconds
Platform modules already initialized, skipping
Refreshing native plugins compatible for Editor in 0.65 ms, found 3 plugins.
Preloading 0 native plugins for Editor in 0.00 ms.
Unloading 2161 Unused Serialized files (Serialized files now loaded: 0)
System memory in use before: 99.5 MB.
System memory in use after: 99.5 MB.

Unloading 23 unused Assets to reduce memory usage. Loaded Objects now: 2686.
Total: 2.912100 ms (FindLiveObjects: 0.255000 ms CreateObjectMapping: 0.110600 ms MarkObjects: 2.373700 ms  DeleteObjects: 0.171600 ms)

========================================================================
Received Prepare
Registering precompiled user dll's ...
Registered in 0.003706 seconds.
Begin MonoManager ReloadAssembly
Native extension for WindowsStandalone target not found
Native extension for WebGL target not found
Refreshing native plugins compatible for Editor in 0.48 ms, found 3 plugins.
Preloading 0 native plugins for Editor in 0.00 ms.
Mono: successfully reloaded assembly
- Completed reload, in  1.033 seconds
Platform modules already initialized, skipping
Refreshing native plugins compatible for Editor in 0.80 ms, found 3 plugins.
Preloading 0 native plugins for Editor in 0.00 ms.
Unloading 2161 Unused Serialized files (Serialized files now loaded: 0)
System memory in use before: 99.5 MB.
System memory in use after: 99.5 MB.

Unloading 23 unused Assets to reduce memory usage. Loaded Objects now: 2690.
Total: 2.510500 ms (FindLiveObjects: 0.198200 ms CreateObjectMapping: 0.067900 ms MarkObjects: 2.087500 ms  DeleteObjects: 0.156200 ms)

========================================================================
Received Prepare
Registering precompiled user dll's ...
Registered in 0.003947 seconds.
Begin MonoManager ReloadAssembly
Native extension for WindowsStandalone target not found
Native extension for WebGL target not found
Refreshing native plugins compatible for Editor in 0.51 ms, found 3 plugins.
Preloading 0 native plugins for Editor in 0.00 ms.
Mono: successfully reloaded assembly
- Completed reload, in  1.019 seconds
Platform modules already initialized, skipping
Refreshing native plugins compatible for Editor in 0.83 ms, found 3 plugins.
Preloading 0 native plugins for Editor in 0.00 ms.
Unloading 2161 Unused Serialized files (Serialized files now loaded: 0)
System memory in use before: 99.5 MB.
System memory in use after: 99.5 MB.

Unloading 23 unused Assets to reduce memory usage. Loaded Objects now: 2694.
Total: 2.872500 ms (FindLiveObjects: 0.203700 ms CreateObjectMapping: 0.064400 ms MarkObjects: 2.250600 ms  DeleteObjects: 0.352700 ms)

========================================================================
Received Prepare
Registering precompiled user dll's ...
Registered in 0.003823 seconds.
Begin MonoManager ReloadAssembly
Native extension for WindowsStandalone target not found
Native extension for WebGL target not found
Refreshing native plugins compatible for Editor in 0.48 ms, found 3 plugins.
Preloading 0 native plugins for Editor in 0.00 ms.
Mono: successfully reloaded assembly
- Completed reload, in  1.053 seconds
Platform modules already initialized, skipping
Refreshing native plugins compatible for Editor in 0.50 ms, found 3 plugins.
Preloading 0 native plugins for Editor in 0.00 ms.
Unloading 2161 Unused Serialized files (Serialized files now loaded: 0)
System memory in use before: 99.5 MB.
System memory in use after: 99.5 MB.

Unloading 23 unused Assets to reduce memory usage. Loaded Objects now: 2698.
Total: 2.500100 ms (FindLiveObjects: 0.198900 ms CreateObjectMapping: 0.070300 ms MarkObjects: 2.079400 ms  DeleteObjects: 0.150600 ms)

========================================================================
Received Prepare
Registering precompiled user dll's ...
Registered in 0.005237 seconds.
Begin MonoManager ReloadAssembly
Native extension for WindowsStandalone target not found
Native extension for WebGL target not found
Refreshing native plugins compatible for Editor in 0.48 ms, found 3 plugins.
Preloading 0 native plugins for Editor in 0.00 ms.
Mono: successfully reloaded assembly
- Completed reload, in  0.981 seconds
Platform modules already initialized, skipping
Refreshing native plugins compatible for Editor in 0.52 ms, found 3 plugins.
Preloading 0 native plugins for Editor in 0.00 ms.
Unloading 2161 Unused Serialized files (Serialized files now loaded: 0)
System memory in use before: 99.5 MB.
System memory in use after: 99.5 MB.

Unloading 23 unused Assets to reduce memory usage. Loaded Objects now: 2702.
Total: 2.808900 ms (FindLiveObjects: 0.325200 ms CreateObjectMapping: 0.095500 ms MarkObjects: 2.243700 ms  DeleteObjects: 0.143400 ms)

========================================================================
Received Prepare
Registering precompiled user dll's ...
Registered in 0.003971 seconds.
Begin MonoManager ReloadAssembly
Native extension for WindowsStandalone target not found
Native extension for WebGL target not found
Refreshing native plugins compatible for Editor in 0.87 ms, found 3 plugins.
Preloading 0 native plugins for Editor in 0.00 ms.
Mono: successfully reloaded assembly
- Completed reload, in  1.023 seconds
Platform modules already initialized, skipping
Refreshing native plugins compatible for Editor in 0.70 ms, found 3 plugins.
Preloading 0 native plugins for Editor in 0.00 ms.
Unloading 2161 Unused Serialized files (Serialized files now loaded: 0)
System memory in use before: 99.6 MB.
System memory in use after: 99.6 MB.

Unloading 23 unused Assets to reduce memory usage. Loaded Objects now: 2706.
Total: 2.440100 ms (FindLiveObjects: 0.216500 ms CreateObjectMapping: 0.072500 ms MarkObjects: 1.996300 ms  DeleteObjects: 0.154100 ms)

========================================================================
Received Import Request.
  Time since last request: 622.731842 seconds.
  path: Assets/Anthony/SFX/mixkit-martial-arts-punch-2052.wav
  artifactKey: Guid(55b2fc6bfee37654a9d105eb0593564f) Importer(815301076,1909f56bfc062723c751e8b465ee728b)
Start importing Assets/Anthony/SFX/mixkit-martial-arts-punch-2052.wav using Guid(55b2fc6bfee37654a9d105eb0593564f) Importer(815301076,1909f56bfc062723c751e8b465ee728b)  -> (artifact id: 'bf08738ed914679aa9215e87ec9acf6e') in 0.051727 seconds
  Import took 0.068105 seconds .

========================================================================
Received Prepare
Registering precompiled user dll's ...
Registered in 0.005158 seconds.
Begin MonoManager ReloadAssembly
Native extension for WindowsStandalone target not found
Native extension for WebGL target not found
Refreshing native plugins compatible for Editor in 0.48 ms, found 3 plugins.
Preloading 0 native plugins for Editor in 0.00 ms.
Mono: successfully reloaded assembly
- Completed reload, in  0.979 seconds
Platform modules already initialized, skipping
Refreshing native plugins compatible for Editor in 0.52 ms, found 3 plugins.
Preloading 0 native plugins for Editor in 0.00 ms.
Unloading 2161 Unused Serialized files (Serialized files now loaded: 0)
System memory in use before: 99.6 MB.
System memory in use after: 99.6 MB.

Unloading 23 unused Assets to reduce memory usage. Loaded Objects now: 2711.
Total: 2.519600 ms (FindLiveObjects: 0.227800 ms CreateObjectMapping: 0.075200 ms MarkObjects: 2.050600 ms  DeleteObjects: 0.165300 ms)

========================================================================
Received Prepare
Registering precompiled user dll's ...
Registered in 0.003773 seconds.
Begin MonoManager ReloadAssembly
Native extension for WindowsStandalone target not found
Native extension for WebGL target not found
Refreshing native plugins compatible for Editor in 0.61 ms, found 3 plugins.
Preloading 0 native plugins for Editor in 0.00 ms.
Mono: successfully reloaded assembly
- Completed reload, in  0.994 seconds
Platform modules already initialized, skipping
Refreshing native plugins compatible for Editor in 0.56 ms, found 3 plugins.
Preloading 0 native plugins for Editor in 0.00 ms.
Unloading 2161 Unused Serialized files (Serialized files now loaded: 0)
System memory in use before: 99.6 MB.
System memory in use after: 99.7 MB.

Unloading 23 unused Assets to reduce memory usage. Loaded Objects now: 2715.
Total: 2.439900 ms (FindLiveObjects: 0.223100 ms CreateObjectMapping: 0.087000 ms MarkObjects: 1.994600 ms  DeleteObjects: 0.134100 ms)

========================================================================
Received Prepare
Registering precompiled user dll's ...
Registered in 0.003818 seconds.
Begin MonoManager ReloadAssembly
Native extension for WindowsStandalone target not found
Native extension for WebGL target not found
Refreshing native plugins compatible for Editor in 0.52 ms, found 3 plugins.
Preloading 0 native plugins for Editor in 0.00 ms.
Mono: successfully reloaded assembly
- Completed reload, in  0.973 seconds
Platform modules already initialized, skipping
Refreshing native plugins compatible for Editor in 0.50 ms, found 3 plugins.
Preloading 0 native plugins for Editor in 0.00 ms.
Unloading 2161 Unused Serialized files (Serialized files now loaded: 0)
System memory in use before: 99.7 MB.
System memory in use after: 99.7 MB.

Unloading 23 unused Assets to reduce memory usage. Loaded Objects now: 2719.
Total: 2.456700 ms (FindLiveObjects: 0.229500 ms CreateObjectMapping: 0.075800 ms MarkObjects: 1.989100 ms  DeleteObjects: 0.161500 ms)

========================================================================
Received Prepare
Registering precompiled user dll's ...
Registered in 0.003800 seconds.
Begin MonoManager ReloadAssembly
Native extension for WindowsStandalone target not found
Native extension for WebGL target not found
Refreshing native plugins compatible for Editor in 0.48 ms, found 3 plugins.
Preloading 0 native plugins for Editor in 0.00 ms.
Mono: successfully reloaded assembly
- Completed reload, in  1.013 seconds
Platform modules already initialized, skipping
Refreshing native plugins compatible for Editor in 0.50 ms, found 3 plugins.
Preloading 0 native plugins for Editor in 0.00 ms.
Unloading 2161 Unused Serialized files (Serialized files now loaded: 0)
System memory in use before: 99.7 MB.
System memory in use after: 99.7 MB.

Unloading 23 unused Assets to reduce memory usage. Loaded Objects now: 2723.
Total: 2.960800 ms (FindLiveObjects: 0.342700 ms CreateObjectMapping: 0.138500 ms MarkObjects: 2.314600 ms  DeleteObjects: 0.163700 ms)

========================================================================
Received Prepare
Registering precompiled user dll's ...
Registered in 0.003635 seconds.
Begin MonoManager ReloadAssembly
Native extension for WindowsStandalone target not found
Native extension for WebGL target not found
Refreshing native plugins compatible for Editor in 0.48 ms, found 3 plugins.
Preloading 0 native plugins for Editor in 0.00 ms.
Mono: successfully reloaded assembly
- Completed reload, in  1.011 seconds
Platform modules already initialized, skipping
Refreshing native plugins compatible for Editor in 0.62 ms, found 3 plugins.
Preloading 0 native plugins for Editor in 0.00 ms.
Unloading 2161 Unused Serialized files (Serialized files now loaded: 0)
System memory in use before: 99.7 MB.
System memory in use after: 99.7 MB.

Unloading 23 unused Assets to reduce memory usage. Loaded Objects now: 2727.
Total: 2.674900 ms (FindLiveObjects: 0.231200 ms CreateObjectMapping: 0.078900 ms MarkObjects: 2.211000 ms  DeleteObjects: 0.152700 ms)

========================================================================
Received Prepare
Registering precompiled user dll's ...
Registered in 0.003850 seconds.
Begin MonoManager ReloadAssembly
Native extension for WindowsStandalone target not found
Native extension for WebGL target not found
Refreshing native plugins compatible for Editor in 0.57 ms, found 3 plugins.
Preloading 0 native plugins for Editor in 0.00 ms.
Mono: successfully reloaded assembly
- Completed reload, in  1.019 seconds
Platform modules already initialized, skipping
Refreshing native plugins compatible for Editor in 0.49 ms, found 3 plugins.
Preloading 0 native plugins for Editor in 0.00 ms.
Unloading 2161 Unused Serialized files (Serialized files now loaded: 0)
System memory in use before: 99.7 MB.
System memory in use after: 99.8 MB.

Unloading 23 unused Assets to reduce memory usage. Loaded Objects now: 2731.
Total: 2.472900 ms (FindLiveObjects: 0.218300 ms CreateObjectMapping: 0.074100 ms MarkObjects: 2.024100 ms  DeleteObjects: 0.155500 ms)

========================================================================
Received Import Request.
  Time since last request: 769.221812 seconds.
  path: Assets/Anthony/Collectibles/Hero/Hero_Common_1.asset
  artifactKey: Guid(3b988364df0d4d7469b4c1cd46d4b1e9) Importer(815301076,1909f56bfc062723c751e8b465ee728b)
Start importing Assets/Anthony/Collectibles/Hero/Hero_Common_1.asset using Guid(3b988364df0d4d7469b4c1cd46d4b1e9) Importer(815301076,1909f56bfc062723c751e8b465ee728b)  -> (artifact id: '7681d720dc589fbdc9fb61c8a1aea379') in 0.022814 seconds
  Import took 0.026859 seconds .

========================================================================
Received Import Request.
  Time since last request: 0.000253 seconds.
  path: Assets/Anthony/Collectibles/Hero/Hero_UltraRare.asset
  artifactKey: Guid(a3603eac525ad6842aa5d68081839cc6) Importer(815301076,1909f56bfc062723c751e8b465ee728b)
Start importing Assets/Anthony/Collectibles/Hero/Hero_UltraRare.asset using Guid(a3603eac525ad6842aa5d68081839cc6) Importer(815301076,1909f56bfc062723c751e8b465ee728b)  -> (artifact id: '93a7c624576164147280f746d1b1ede2') in 0.007162 seconds
  Import took 0.025614 seconds .

========================================================================
Received Import Request.
  Time since last request: 0.000253 seconds.
  path: Assets/Anthony/Collectibles/Hero/Hero_SuperRare.asset
  artifactKey: Guid(c97366dddae124441849537396c44b91) Importer(815301076,1909f56bfc062723c751e8b465ee728b)
Start importing Assets/Anthony/Collectibles/Hero/Hero_SuperRare.asset using Guid(c97366dddae124441849537396c44b91) Importer(815301076,1909f56bfc062723c751e8b465ee728b)  -> (artifact id: '0a6e0d76eb12e28c6ff3ac3d83fa79aa') in 0.008363 seconds
  Import took 0.013274 seconds .

========================================================================
Received Import Request.
  Time since last request: 0.000286 seconds.
  path: Assets/Anthony/Collectibles/Hero/Hero_Rare_1.asset
  artifactKey: Guid(3c04536020b82ae4797b14abb0c23e9b) Importer(815301076,1909f56bfc062723c751e8b465ee728b)
Start importing Assets/Anthony/Collectibles/Hero/Hero_Rare_1.asset using Guid(3c04536020b82ae4797b14abb0c23e9b) Importer(815301076,1909f56bfc062723c751e8b465ee728b)  -> (artifact id: '5eb5e4f8657dd4c52f5d94614251ab46') in 0.008203 seconds
  Import took 0.024799 seconds .

========================================================================
Received Import Request.
  Time since last request: 5.058351 seconds.
  path: Assets/Anthony/Collectibles/Item/Item_Common 1.asset
  artifactKey: Guid(67b2a250de00dbf45a5e32ad7453b1c2) Importer(815301076,1909f56bfc062723c751e8b465ee728b)
Start importing Assets/Anthony/Collectibles/Item/Item_Common 1.asset using Guid(67b2a250de00dbf45a5e32ad7453b1c2) Importer(815301076,1909f56bfc062723c751e8b465ee728b)  -> (artifact id: 'da23c823f8826eaf1abdc715227c4098') in 0.006758 seconds
  Import took 0.021529 seconds .

========================================================================
Received Import Request.
  Time since last request: 0.000324 seconds.
  path: Assets/Anthony/Collectibles/Item/Item_SuperRare 2.asset
  artifactKey: Guid(f96219fd66a2a304eb8c6233cf668540) Importer(815301076,1909f56bfc062723c751e8b465ee728b)
Start importing Assets/Anthony/Collectibles/Item/Item_SuperRare 2.asset using Guid(f96219fd66a2a304eb8c6233cf668540) Importer(815301076,1909f56bfc062723c751e8b465ee728b)  -> (artifact id: '5a5ed0955be0ee834520152a14d0d1f0') in 0.007438 seconds
  Import took 0.017198 seconds .

========================================================================
Received Import Request.
  Time since last request: 0.000228 seconds.
  path: Assets/Anthony/Collectibles/Item/Item_Rare 1.asset
  artifactKey: Guid(7b497bf46a4d4704e8031bb4cae60046) Importer(815301076,1909f56bfc062723c751e8b465ee728b)
Start importing Assets/Anthony/Collectibles/Item/Item_Rare 1.asset using Guid(7b497bf46a4d4704e8031bb4cae60046) Importer(815301076,1909f56bfc062723c751e8b465ee728b)  -> (artifact id: '13431d0571868dfa1edb2a59dece7835') in 0.008263 seconds
  Import took 0.018130 seconds .

========================================================================
Received Import Request.
  Time since last request: 0.000251 seconds.
  path: Assets/Anthony/Collectibles/Item/Item_SuperRare 1.asset
  artifactKey: Guid(5f35319592b38ab4ea1c6e0fe49fff81) Importer(815301076,1909f56bfc062723c751e8b465ee728b)
Start importing Assets/Anthony/Collectibles/Item/Item_SuperRare 1.asset using Guid(5f35319592b38ab4ea1c6e0fe49fff81) Importer(815301076,1909f56bfc062723c751e8b465ee728b)  -> (artifact id: '5e7b8f21c5e601ca3d0954c3bdababec') in 0.006905 seconds
  Import took 0.010388 seconds .

========================================================================
Received Import Request.
  Time since last request: 0.000246 seconds.
  path: Assets/Anthony/Collectibles/Item/Item_Common 3.asset
  artifactKey: Guid(2c5a9705948895a44ad54781984af305) Importer(815301076,1909f56bfc062723c751e8b465ee728b)
Start importing Assets/Anthony/Collectibles/Item/Item_Common 3.asset using Guid(2c5a9705948895a44ad54781984af305) Importer(815301076,1909f56bfc062723c751e8b465ee728b)  -> (artifact id: 'ab3c3a976e5da1a8dcd08b8980f043c9') in 0.007148 seconds
  Import took 0.010921 seconds .

========================================================================
Received Import Request.
  Time since last request: 0.000230 seconds.
  path: Assets/Anthony/Collectibles/Item/Item_UltraRare 1.asset
  artifactKey: Guid(35d7c79dc969bc04bb30d6c327216900) Importer(815301076,1909f56bfc062723c751e8b465ee728b)
Start importing Assets/Anthony/Collectibles/Item/Item_UltraRare 1.asset using Guid(35d7c79dc969bc04bb30d6c327216900) Importer(815301076,1909f56bfc062723c751e8b465ee728b)  -> (artifact id: '4f096699fae0c92cf1659c2330e7ae32') in 0.007518 seconds
  Import took 0.011671 seconds .

========================================================================
Received Import Request.
  Time since last request: 0.000240 seconds.
  path: Assets/Anthony/Collectibles/Item/Item_Rare 2.asset
  artifactKey: Guid(e63011d3c84bfec4d95b057a9399470d) Importer(815301076,1909f56bfc062723c751e8b465ee728b)
Start importing Assets/Anthony/Collectibles/Item/Item_Rare 2.asset using Guid(e63011d3c84bfec4d95b057a9399470d) Importer(815301076,1909f56bfc062723c751e8b465ee728b)  -> (artifact id: '02d925abdd9fafd4f4cdf8462a5ccd96') in 0.008095 seconds
  Import took 0.019090 seconds .

========================================================================
Received Import Request.
  Time since last request: 0.000280 seconds.
  path: Assets/Anthony/Collectibles/Item/Item_Common 2.asset
  artifactKey: Guid(3c96b3b7a6ac77c43935cc774e04b330) Importer(815301076,1909f56bfc062723c751e8b465ee728b)
Start importing Assets/Anthony/Collectibles/Item/Item_Common 2.asset using Guid(3c96b3b7a6ac77c43935cc774e04b330) Importer(815301076,1909f56bfc062723c751e8b465ee728b)  -> (artifact id: 'a54ad18ac0308a14a433687fb666531c') in 0.008175 seconds
  Import took 0.012759 seconds .

========================================================================
Received Import Request.
  Time since last request: 1.467094 seconds.
  path: Assets/Anthony/Collectibles/Pet/Pet_Common 1.asset
  artifactKey: Guid(a98801e23c1af6243b5a9916bda727fb) Importer(815301076,1909f56bfc062723c751e8b465ee728b)
Start importing Assets/Anthony/Collectibles/Pet/Pet_Common 1.asset using Guid(a98801e23c1af6243b5a9916bda727fb) Importer(815301076,1909f56bfc062723c751e8b465ee728b)  -> (artifact id: '86328c9a60def4ee3b48100f9309c44a') in 0.007961 seconds
  Import took 0.024957 seconds .

========================================================================
Received Import Request.
  Time since last request: 0.000298 seconds.
  path: Assets/Anthony/Collectibles/Pet/Pet_Common 6.asset
  artifactKey: Guid(6aa2d1521a0db404bbbbcdfd7be0a0f8) Importer(815301076,1909f56bfc062723c751e8b465ee728b)
Start importing Assets/Anthony/Collectibles/Pet/Pet_Common 6.asset using Guid(6aa2d1521a0db404bbbbcdfd7be0a0f8) Importer(815301076,1909f56bfc062723c751e8b465ee728b)  -> (artifact id: '40608f048c1093dc6c2450f5e7648825') in 0.006997 seconds
  Import took 0.012193 seconds .

========================================================================
Received Import Request.
  Time since last request: 0.000300 seconds.
  path: Assets/Anthony/Collectibles/Pet/Pet_Common 2.asset
  artifactKey: Guid(6563b8c60c2cbe048b4d7b146ee0f7ff) Importer(815301076,1909f56bfc062723c751e8b465ee728b)
Start importing Assets/Anthony/Collectibles/Pet/Pet_Common 2.asset using Guid(6563b8c60c2cbe048b4d7b146ee0f7ff) Importer(815301076,1909f56bfc062723c751e8b465ee728b)  -> (artifact id: '76a4535eba80dafe2fafa231c298398d') in 0.007906 seconds
  Import took 0.012727 seconds .

========================================================================
Received Prepare
Registering precompiled user dll's ...
Registered in 0.004045 seconds.
Begin MonoManager ReloadAssembly
Native extension for WindowsStandalone target not found
Native extension for WebGL target not found
Refreshing native plugins compatible for Editor in 0.51 ms, found 3 plugins.
Preloading 0 native plugins for Editor in 0.00 ms.
Mono: successfully reloaded assembly
- Completed reload, in  0.996 seconds
Platform modules already initialized, skipping
Refreshing native plugins compatible for Editor in 0.57 ms, found 3 plugins.
Preloading 0 native plugins for Editor in 0.00 ms.
Unloading 2161 Unused Serialized files (Serialized files now loaded: 0)
System memory in use before: 99.7 MB.
System memory in use after: 99.8 MB.

Unloading 23 unused Assets to reduce memory usage. Loaded Objects now: 2735.
Total: 2.661000 ms (FindLiveObjects: 0.230300 ms CreateObjectMapping: 0.079900 ms MarkObjects: 2.206100 ms  DeleteObjects: 0.143700 ms)

========================================================================
Received Prepare
Registering precompiled user dll's ...
Registered in 0.004251 seconds.
Begin MonoManager ReloadAssembly
Native extension for WindowsStandalone target not found
Native extension for WebGL target not found
Refreshing native plugins compatible for Editor in 0.48 ms, found 3 plugins.
Preloading 0 native plugins for Editor in 0.00 ms.
Mono: successfully reloaded assembly
- Completed reload, in  0.985 seconds
Platform modules already initialized, skipping
Refreshing native plugins compatible for Editor in 0.49 ms, found 3 plugins.
Preloading 0 native plugins for Editor in 0.00 ms.
Unloading 2161 Unused Serialized files (Serialized files now loaded: 0)
System memory in use before: 99.7 MB.
System memory in use after: 99.8 MB.

Unloading 23 unused Assets to reduce memory usage. Loaded Objects now: 2739.
Total: 2.488600 ms (FindLiveObjects: 0.238200 ms CreateObjectMapping: 0.077800 ms MarkObjects: 2.008400 ms  DeleteObjects: 0.163200 ms)

AssetImportWorkerClient::OnTransportError - code=2 error=End of file
